GeoSys-OUT: Output ------------------------------------------------
#OUTPUT
  $NOD_VALUES
   STRAIN_PLS
   PRESSURE1
   STRESS_XX
   STRESS_YY
   STRESS_ZZ
   STRESS_XY
   STRESS_XZ
   STRESS_YZ
   VELOCITY_X1
   VELOCITY_Y1
   VELOCITY_Z1
   DISPLACEMENT_X1
   DISPLACEMENT_Y1
   DISPLACEMENT_Z1
  $GEO_TYPE
   POINT MID_POINT
  $DAT_TYPE
   TECPLOT
  $TIM_TYPE
   STEPS 1
#OUTPUT
  $NOD_VALUES
   STRAIN_PLS
   PRESSURE1
   STRESS_XX
   STRESS_YY
   STRESS_ZZ
   STRESS_XY
   STRESS_XZ
   STRESS_YZ
   VELOCITY_X1
   VELOCITY_Y1
   VELOCITY_Z1
   DISPLACEMENT_X1
   DISPLACEMENT_Y1
   DISPLACEMENT_Z1
  $GEO_TYPE
   POINT INJ_TOP
  $DAT_TYPE
   TECPLOT
  $TIM_TYPE
   STEPS 1
#OUTPUT
  $NOD_VALUES
   STRAIN_PLS
   PRESSURE1
   STRESS_XX
   STRESS_YY
   STRESS_ZZ
   STRESS_XY
   STRESS_XZ
   STRESS_YZ
   VELOCITY_X1
   VELOCITY_Y1
   VELOCITY_Z1
   DISPLACEMENT_X1
   DISPLACEMENT_Y1
   DISPLACEMENT_Z1
  $GEO_TYPE
   POINT INJ_BOT
  $DAT_TYPE
   TECPLOT
  $TIM_TYPE
   STEPS 1
#STOP


