GeoSys-OUT: Output ------------------------------------------------
#OUTPUT
 $PCS_TYPE
   DEFORMATION_FLOW
 $NOD_VALUES
   STRAIN_PLS
   PRESSURE1   
   DISPLACEMENT_X1
   DISPLACEMENT_Y1
   DISPLACEMENT_Z1
   STRESS_XX
   STRESS_XY
   STRESS_XZ
   STRESS_YY
   STRESS_YZ
   STRESS_ZZ
   STRAIN_XX
   STRAIN_XY
   STRAIN_XZ
   STRAIN_YY
   STRAIN_YZ
   STRAIN_ZZ
   VELOCITY_X1
   VELOCITY_Y1
   VELOCITY_Z1
 $GEO_TYPE
   DOMAIN 
 $DAT_TYPE
   PVD
 $TIM_TYPE
   STEPS 2
#OUTPUT
  $NOD_VALUES
   STRAIN_PLS
   PRESSURE1
   STRESS_XX
   STRESS_YY
   STRESS_ZZ
   STRESS_XY
   STRESS_XZ
   STRESS_YZ
   VELOCITY_X1
   VELOCITY_Y1
   VELOCITY_Z1
   DISPLACEMENT_X1
   DISPLACEMENT_Y1
   DISPLACEMENT_Z1
  $GEO_TYPE
   POINT MID_POINT
  $DAT_TYPE
   TECPLOT
  $TIM_TYPE
   STEPS 1
#OUTPUT
  $NOD_VALUES
   STRAIN_PLS
   PRESSURE1
   STRESS_XX
   STRESS_YY
   STRESS_ZZ
   STRESS_XY
   STRESS_XZ
   STRESS_YZ
   VELOCITY_X1
   VELOCITY_Y1
   VELOCITY_Z1
   DISPLACEMENT_X1
   DISPLACEMENT_Y1
   DISPLACEMENT_Z1
  $GEO_TYPE
   POINT INJ_TOP
  $DAT_TYPE
   TECPLOT
  $TIM_TYPE
   STEPS 1
#OUTPUT
  $NOD_VALUES
   STRAIN_PLS
   PRESSURE1
   STRESS_XX
   STRESS_YY
   STRESS_ZZ
   STRESS_XY
   STRESS_XZ
   STRESS_YZ
   VELOCITY_X1
   VELOCITY_Y1
   VELOCITY_Z1
   DISPLACEMENT_X1
   DISPLACEMENT_Y1
   DISPLACEMENT_Z1
  $GEO_TYPE
   POINT INJ_BOT
  $DAT_TYPE
   TECPLOT
  $TIM_TYPE
   STEPS 1
#STOP


